  Reading Qt configuration (D:/Qt/6.5.2/msvc2019_64/bin/qmake)
  Generate moc_predefs.h
  bridge.cpp
  grammar.cpp
  htmltemplate.cpp
  login.cpp
  main.cpp
  mainwindow.cpp
  note.cpp
  notewebenginepage.cpp
D:\Projects\NoteToCard\NoteToCard\notewebenginepage.h(13,64): warning C4100: “type”: 未引用的形参
  (编译源文件“notewebenginepage.cpp”)
  
D:\Projects\NoteToCard\NoteToCard\notewebenginepage.h(19,77): warning C4100: “isMainFrame”: 未引用的形参
  (编译源文件“notewebenginepage.cpp”)
  
D:\Projects\NoteToCard\NoteToCard\notewebenginepage.h(19,66): warning C4100: “type”: 未引用的形参
  (编译源文件“notewebenginepage.cpp”)
  
D:\Projects\NoteToCard\NoteToCard\notewebenginepage.h(19,46): warning C4100: “url”: 未引用的形参
  (编译源文件“notewebenginepage.cpp”)
  
D:\Projects\NoteToCard\NoteToCard\htmltemplate.h(16,32): warning C4100: “event”: 未引用的形参
  (编译源文件“bridge.cpp”)
  
D:\Projects\NoteToCard\NoteToCard\htmltemplate.h(19,36): warning C4100: “event”: 未引用的形参
  (编译源文件“bridge.cpp”)
  
D:\Projects\NoteToCard\NoteToCard\htmltemplate.h(16,32): warning C4100: “event”: 未引用的形参
  (编译源文件“mainwindow.cpp”)
  
D:\Projects\NoteToCard\NoteToCard\htmltemplate.h(19,36): warning C4100: “event”: 未引用的形参
  (编译源文件“mainwindow.cpp”)
  
D:\Projects\NoteToCard\NoteToCard\htmltemplate.h(16,32): warning C4100: “event”: 未引用的形参
  (编译源文件“htmltemplate.cpp”)
  
D:\Projects\NoteToCard\NoteToCard\note.h(16,32): warning C4100: “event”: 未引用的形参
  (编译源文件“note.cpp”)
  
D:\Projects\NoteToCard\NoteToCard\htmltemplate.h(19,36): warning C4100: “event”: 未引用的形参
  (编译源文件“htmltemplate.cpp”)
  
D:\Projects\NoteToCard\NoteToCard\note.h(19,36): warning C4100: “event”: 未引用的形参
  (编译源文件“note.cpp”)
  
D:\Projects\NoteToCard\NoteToCard\htmltemplate.h(16,32): warning C4100: “event”: 未引用的形参
  (编译源文件“login.cpp”)
  
D:\Projects\NoteToCard\NoteToCard\htmltemplate.h(19,36): warning C4100: “event”: 未引用的形参
  (编译源文件“login.cpp”)
  
D:\Projects\NoteToCard\NoteToCard\mainwindow.h(105,32): warning C4100: “event”: 未引用的形参
  (编译源文件“bridge.cpp”)
  
D:\Projects\NoteToCard\NoteToCard\mainwindow.h(108,36): warning C4100: “event”: 未引用的形参
  (编译源文件“bridge.cpp”)
  
D:\Projects\NoteToCard\NoteToCard\mainwindow.h(111,34): warning C4100: “event”: 未引用的形参
  (编译源文件“bridge.cpp”)
  
D:\Projects\NoteToCard\NoteToCard\htmltemplate.h(16,32): warning C4100: “event”: 未引用的形参
  (编译源文件“main.cpp”)
  
D:\Projects\NoteToCard\NoteToCard\htmltemplate.h(19,36): warning C4100: “event”: 未引用的形参
  (编译源文件“main.cpp”)
  
D:\Projects\NoteToCard\NoteToCard\mainwindow.h(105,32): warning C4100: “event”: 未引用的形参
  (编译源文件“mainwindow.cpp”)
  
D:\Projects\NoteToCard\NoteToCard\mainwindow.h(108,36): warning C4100: “event”: 未引用的形参
  (编译源文件“mainwindow.cpp”)
  
D:\Projects\NoteToCard\NoteToCard\mainwindow.h(111,34): warning C4100: “event”: 未引用的形参
  (编译源文件“mainwindow.cpp”)
  
D:\Projects\NoteToCard\NoteToCard\notewebenginepage.h(13,64): warning C4100: “type”: 未引用的形参
  (编译源文件“note.cpp”)
  
D:\Projects\NoteToCard\NoteToCard\notewebenginepage.h(19,77): warning C4100: “isMainFrame”: 未引用的形参
  (编译源文件“note.cpp”)
  
D:\Projects\NoteToCard\NoteToCard\notewebenginepage.h(19,66): warning C4100: “type”: 未引用的形参
  (编译源文件“note.cpp”)
  
D:\Projects\NoteToCard\NoteToCard\notewebenginepage.h(19,46): warning C4100: “url”: 未引用的形参
  (编译源文件“note.cpp”)
  
D:\Projects\NoteToCard\NoteToCard\htmltemplate.h(16,32): warning C4100: “event”: 未引用的形参
  (编译源文件“note.cpp”)
  
D:\Projects\NoteToCard\NoteToCard\htmltemplate.h(19,36): warning C4100: “event”: 未引用的形参
  (编译源文件“note.cpp”)
  
D:\Projects\NoteToCard\NoteToCard\mainwindow.h(105,32): warning C4100: “event”: 未引用的形参
  (编译源文件“login.cpp”)
  
D:\Projects\NoteToCard\NoteToCard\mainwindow.h(108,36): warning C4100: “event”: 未引用的形参
  (编译源文件“login.cpp”)
  
D:\Projects\NoteToCard\NoteToCard\mainwindow.h(111,34): warning C4100: “event”: 未引用的形参
  (编译源文件“login.cpp”)
  
D:\Projects\NoteToCard\NoteToCard\mainwindow.h(105,32): warning C4100: “event”: 未引用的形参
  (编译源文件“main.cpp”)
  
D:\Projects\NoteToCard\NoteToCard\mainwindow.h(108,36): warning C4100: “event”: 未引用的形参
  (编译源文件“main.cpp”)
  
D:\Projects\NoteToCard\NoteToCard\mainwindow.h(111,34): warning C4100: “event”: 未引用的形参
  (编译源文件“main.cpp”)
  
D:\Projects\NoteToCard\NoteToCard\note.h(16,32): warning C4100: “event”: 未引用的形参
  (编译源文件“main.cpp”)
  
D:\Projects\NoteToCard\NoteToCard\note.h(19,36): warning C4100: “event”: 未引用的形参
  (编译源文件“main.cpp”)
  
D:\Projects\NoteToCard\NoteToCard\mainwindow.h(105,32): warning C4100: “event”: 未引用的形参
  (编译源文件“note.cpp”)
  
D:\Projects\NoteToCard\NoteToCard\mainwindow.h(108,36): warning C4100: “event”: 未引用的形参
  (编译源文件“note.cpp”)
  
D:\Projects\NoteToCard\NoteToCard\mainwindow.h(111,34): warning C4100: “event”: 未引用的形参
  (编译源文件“note.cpp”)
  
D:\Projects\NoteToCard\NoteToCard\login.cpp(7,24): warning C4100: “autoLogin”: 未引用的形参
  qrc_res.cpp
  moc_bridge.cpp
  moc_grammar.cpp
  moc_htmltemplate.cpp
  moc_login.cpp
  moc_mainwindow.cpp
  moc_note.cpp
D:\Projects\NoteToCard\NoteToCard\htmltemplate.h(16,32): warning C4100: “event”: 未引用的形参
  (编译源文件“Release/moc_mainwindow.cpp”)
  
D:\Projects\NoteToCard\NoteToCard\htmltemplate.h(16,32): warning C4100: “event”: 未引用的形参
  (编译源文件“Release/moc_bridge.cpp”)
  
D:\Projects\NoteToCard\NoteToCard\htmltemplate.h(19,36): warning C4100: “event”: 未引用的形参
  (编译源文件“Release/moc_mainwindow.cpp”)
  
D:\Projects\NoteToCard\NoteToCard\htmltemplate.h(19,36): warning C4100: “event”: 未引用的形参
  (编译源文件“Release/moc_bridge.cpp”)
  
D:\Projects\NoteToCard\NoteToCard\note.h(16,32): warning C4100: “event”: 未引用的形参
  (编译源文件“Release/moc_note.cpp”)
  
D:\Projects\NoteToCard\NoteToCard\note.h(19,36): warning C4100: “event”: 未引用的形参
  (编译源文件“Release/moc_note.cpp”)
  
D:\Projects\NoteToCard\NoteToCard\htmltemplate.h(16,32): warning C4100: “event”: 未引用的形参
  (编译源文件“Release/moc_htmltemplate.cpp”)
  
D:\Projects\NoteToCard\NoteToCard\htmltemplate.h(19,36): warning C4100: “event”: 未引用的形参
  (编译源文件“Release/moc_htmltemplate.cpp”)
  
D:\Projects\NoteToCard\NoteToCard\htmltemplate.h(16,32): warning C4100: “event”: 未引用的形参
  (编译源文件“Release/moc_login.cpp”)
  
D:\Projects\NoteToCard\NoteToCard\htmltemplate.h(19,36): warning C4100: “event”: 未引用的形参
  (编译源文件“Release/moc_login.cpp”)
  
D:\Projects\NoteToCard\NoteToCard\mainwindow.h(105,32): warning C4100: “event”: 未引用的形参
  (编译源文件“Release/moc_bridge.cpp”)
  
D:\Projects\NoteToCard\NoteToCard\mainwindow.h(108,36): warning C4100: “event”: 未引用的形参
  (编译源文件“Release/moc_bridge.cpp”)
  
D:\Projects\NoteToCard\NoteToCard\mainwindow.h(111,34): warning C4100: “event”: 未引用的形参
  (编译源文件“Release/moc_bridge.cpp”)
  
D:\Projects\NoteToCard\NoteToCard\mainwindow.h(105,32): warning C4100: “event”: 未引用的形参
  (编译源文件“Release/moc_mainwindow.cpp”)
  
D:\Projects\NoteToCard\NoteToCard\mainwindow.h(108,36): warning C4100: “event”: 未引用的形参
  (编译源文件“Release/moc_mainwindow.cpp”)
  
D:\Projects\NoteToCard\NoteToCard\mainwindow.h(111,34): warning C4100: “event”: 未引用的形参
  (编译源文件“Release/moc_mainwindow.cpp”)
  
D:\Projects\NoteToCard\NoteToCard\mainwindow.h(105,32): warning C4100: “event”: 未引用的形参
  (编译源文件“Release/moc_login.cpp”)
  
D:\Projects\NoteToCard\NoteToCard\mainwindow.h(108,36): warning C4100: “event”: 未引用的形参
  (编译源文件“Release/moc_login.cpp”)
  
D:\Projects\NoteToCard\NoteToCard\mainwindow.h(111,34): warning C4100: “event”: 未引用的形参
  (编译源文件“Release/moc_login.cpp”)
  
  NoteToCard.vcxproj -> D:\Projects\NoteToCard\NoteToCard\release\NoteToCard.exe
  'pwsh.exe' 不是内部或外部命令，也不是可运行的程序
  或批处理文件。
